<?xml version="1.0" encoding="UTF-8"?>
<!-- Generated by org.testng.reporters.JUnitXMLReporter -->
<testsuite ignored="2" hostname="Gangesh_007" failures="1" tests="4" name="Test" time="148.282" errors="0" timestamp="2024-11-13T13:55:18 IST">
  <testcase classname="gjha123.seleniumframework.BookingFlights" name="bookingFlightWithHotels" time="18.5"/>
  <testcase classname="gjha123.seleniumframework.SignIn" name="TC_01_signIn" time="12.231"/>
  <testcase classname="gjha123.seleniumframework.FlightModule" name="TC_01_searchFlight" time="46.446">
    <failure type="org.openqa.selenium.ElementClickInterceptedException" message="element click intercepted: Element &amp;lt;span class=&amp;quot;Button-module__text___sRRzg&amp;quot;&amp;gt;...&amp;lt;/span&amp;gt; is not clickable at point (1161, 668). Other element would receive the click: &amp;lt;div class=&amp;quot;Frame-module__align-items_center___DCS7Y Frame-module__flex-grow_1___2m7TV Frame-module__flex-direction_column___ms2of&amp;quot;&amp;gt;...&amp;lt;/div&amp;gt;
  (Session info: chrome=130.0.6723.117)
Build info: version: &amp;apos;4.25.0&amp;apos;, revision: &amp;apos;8a8aea2337&amp;apos;
System info: os.name: &amp;apos;Windows 11&amp;apos;, os.arch: &amp;apos;amd64&amp;apos;, os.version: &amp;apos;10.0&amp;apos;, java.version: &amp;apos;17.0.10&amp;apos;
Driver info: org.openqa.selenium.chrome.ChromeDriver
Command: [ac5dad989b312bf3c12dcc7f0da6e328, clickElement {id=f.6012FECA99D0D7F621379AD236DD336F.d.89D0FDCBF4EA194D2A6BCD2DF6AD0F8F.e.23096}]
Capabilities {acceptInsecureCerts: false, browserName: chrome, browserVersion: 130.0.6723.117, chrome: {chromedriverVersion: 130.0.6723.116 (6ac35f94ae3..., userDataDir: C:\Users\gjha0\AppData\Loca...}, fedcm:accounts: true, goog:chromeOptions: {debuggerAddress: localhost:62135}, networkConnectionEnabled: false, pageLoadStrategy: normal, platformName: windows, proxy: Proxy(), se:cdp: ws://localhost:62135/devtoo..., se:cdpVersion: 130.0.6723.117, setWindowRect: true, strictFileInteractability: false, timeouts: {implicit: 0, pageLoad: 300000, script: 30000}, unhandledPromptBehavior: dismiss and notify, webauthn:extension:credBlob: true, webauthn:extension:largeBlob: true, webauthn:extension:minPinLength: true, webauthn:extension:prf: true, webauthn:virtualAuthenticators: true}
Element: [[ChromeDriver: chrome on windows (ac5dad989b312bf3c12dcc7f0da6e328)] -&amp;gt; xpath: //span[text()=&amp;apos;Close&amp;apos;]]
Session ID: ac5dad989b312bf3c12dcc7f0da6e328">
      <![CDATA[org.openqa.selenium.ElementClickInterceptedException: element click intercepted: Element <span class="Button-module__text___sRRzg">...</span> is not clickable at point (1161, 668). Other element would receive the click: <div class="Frame-module__align-items_center___DCS7Y Frame-module__flex-grow_1___2m7TV Frame-module__flex-direction_column___ms2of">...</div>
  (Session info: chrome=130.0.6723.117)
Build info: version: '4.25.0', revision: '8a8aea2337'
System info: os.name: 'Windows 11', os.arch: 'amd64', os.version: '10.0', java.version: '17.0.10'
Driver info: org.openqa.selenium.chrome.ChromeDriver
Command: [ac5dad989b312bf3c12dcc7f0da6e328, clickElement {id=f.6012FECA99D0D7F621379AD236DD336F.d.89D0FDCBF4EA194D2A6BCD2DF6AD0F8F.e.23096}]
Capabilities {acceptInsecureCerts: false, browserName: chrome, browserVersion: 130.0.6723.117, chrome: {chromedriverVersion: 130.0.6723.116 (6ac35f94ae3..., userDataDir: C:\Users\gjha0\AppData\Loca...}, fedcm:accounts: true, goog:chromeOptions: {debuggerAddress: localhost:62135}, networkConnectionEnabled: false, pageLoadStrategy: normal, platformName: windows, proxy: Proxy(), se:cdp: ws://localhost:62135/devtoo..., se:cdpVersion: 130.0.6723.117, setWindowRect: true, strictFileInteractability: false, timeouts: {implicit: 0, pageLoad: 300000, script: 30000}, unhandledPromptBehavior: dismiss and notify, webauthn:extension:credBlob: true, webauthn:extension:largeBlob: true, webauthn:extension:minPinLength: true, webauthn:extension:prf: true, webauthn:virtualAuthenticators: true}
Element: [[ChromeDriver: chrome on windows (ac5dad989b312bf3c12dcc7f0da6e328)] -> xpath: //span[text()='Close']]
Session ID: ac5dad989b312bf3c12dcc7f0da6e328
at org.openqa.selenium.remote.ErrorCodec.decode(ErrorCodec.java:167)
at org.openqa.selenium.remote.codec.w3c.W3CHttpResponseCodec.decode(W3CHttpResponseCodec.java:138)
at org.openqa.selenium.remote.codec.w3c.W3CHttpResponseCodec.decode(W3CHttpResponseCodec.java:50)
at org.openqa.selenium.remote.HttpCommandExecutor.execute(HttpCommandExecutor.java:190)
at org.openqa.selenium.remote.service.DriverCommandExecutor.invokeExecute(DriverCommandExecutor.java:216)
at org.openqa.selenium.remote.service.DriverCommandExecutor.execute(DriverCommandExecutor.java:174)
at org.openqa.selenium.remote.RemoteWebDriver.execute(RemoteWebDriver.java:545)
at org.openqa.selenium.remote.RemoteWebElement.execute(RemoteWebElement.java:223)
at org.openqa.selenium.remote.RemoteWebElement.click(RemoteWebElement.java:76)
at org.openqa.selenium.support.pagefactory.internal.LocatingElementHandler.invoke(LocatingElementHandler.java:51)
at jdk.proxy2/jdk.proxy2.$Proxy19.click(Unknown Source)
at gjha123.seleniumframework.pageobject.FilghtModules.SeatSelectionPage.getClose(SeatSelectionPage.java:37)
at gjha123.seleniumframework.FlightModule.TC_01_searchFlight(FlightModule.java:80)
at java.base/java.util.ArrayList.forEach(ArrayList.java:1511)
... Removed 35 stack frames]]>
    </failure>
  </testcase> <!-- TC_01_searchFlight -->
  <testcase classname="gjha123.seleniumframework.AttractionModule" name="TC_01_searchAttraction" time="56.035"/>
  <testcase classname="gjha123.seleniumframework.SignIn" name="TC_02_signInWithOutAnyField" time="0.0">
    <ignored/>
  </testcase> <!-- TC_02_signInWithOutAnyField -->
  <testcase classname="gjha123.seleniumframework.BookingFlights" name="searchFlightwithemptyData" time="0.0">
    <ignored/>
  </testcase> <!-- searchFlightwithemptyData -->
</testsuite> <!-- Test -->
